<?xml version="1.0" encoding="UTF-8"?>
<!-- Generated by org.testng.reporters.JUnitXMLReporter -->
<testsuite ignored="0" hostname="DESKTOP-3LAS9CR" failures="2" tests="8" name="Test" time="173.951" errors="0" timestamp="20 Aug 2019 00:57:53 GMT">
  <testcase classname="failTestPack.Testclass" name="getURL" time="0.022">
    <skipped/>
  </testcase> <!-- getURL -->
  <testcase classname="failTestPack.Testclass" name="getURL" time="0.012">
    <skipped/>
  </testcase> <!-- getURL -->
  <testcase classname="failTestPack.Testclass" name="getURL" time="0.016">
    <skipped/>
  </testcase> <!-- getURL -->
  <testcase classname="failTestPack.Testclass" name="getURL" time="0.013">
    <failure type="java.lang.AssertionError" message="expected [www.yahoo.com] but found [https://www.facebook.com/]">
      <![CDATA[java.lang.AssertionError: expected [www.yahoo.com] but found [https://www.facebook.com/]
at failTestPack.Testclass.getURL(Testclass.java:32)
... Removed 31 stack frames]]>
    </failure>
  </testcase> <!-- getURL -->
  <testcase classname="failTestPack.Testclass" name="SignIn" time="40.039">
    <skipped/>
  </testcase> <!-- SignIn -->
  <testcase classname="failTestPack.Testclass" name="SignIn" time="40.034">
    <skipped/>
  </testcase> <!-- SignIn -->
  <testcase classname="failTestPack.Testclass" name="SignIn" time="40.068">
    <skipped/>
  </testcase> <!-- SignIn -->
  <testcase classname="failTestPack.Testclass" name="SignIn" time="40.06">
    <failure type="org.openqa.selenium.NoSuchElementException" message="no such element: Unable to locate element: {&amp;quot;method&amp;quot;:&amp;quot;css selector&amp;quot;,&amp;quot;selector&amp;quot;:&amp;quot;#\33 45&amp;quot;}
  (Session info: chrome=76.0.3809.100)
For documentation on this error, please visit: http://seleniumhq.org/exceptions/no_such_element.html
Build info: version: &amp;apos;3.13.0&amp;apos;, revision: &amp;apos;2f0d292&amp;apos;, time: &amp;apos;2018-06-25T15:32:14.902Z&amp;apos;
System info: host: &amp;apos;DESKTOP-3LAS9CR&amp;apos;, ip: &amp;apos;192.168.1.158&amp;apos;, os.name: &amp;apos;Windows 10&amp;apos;, os.arch: &amp;apos;amd64&amp;apos;, os.version: &amp;apos;10.0&amp;apos;, java.version: &amp;apos;10.0.2&amp;apos;
Driver info: org.openqa.selenium.chrome.ChromeDriver
Capabilities {acceptInsecureCerts: false, browserName: chrome, browserVersion: 76.0.3809.100, chrome: {chromedriverVersion: 75.0.3770.8 (681f24ea911fe7..., userDataDir: C:\Users\tanvi\AppData\Loca...}, goog:chromeOptions: {debuggerAddress: localhost:59072}, javascriptEnabled: true, networkConnectionEnabled: false, pageLoadStrategy: normal, platform: XP, platformName: XP, proxy: Proxy(), setWindowRect: true, strictFileInteractability: false, timeouts: {implicit: 0, pageLoad: 300000, script: 30000}, unhandledPromptBehavior: dismiss and notify}
Session ID: efeb88b3865b8311bb3d7c21248bfe75
*** Element info: {Using=id, value=345}">
      <![CDATA[org.openqa.selenium.NoSuchElementException: no such element: Unable to locate element: {"method":"css selector","selector":"#\33 45"}
  (Session info: chrome=76.0.3809.100)
For documentation on this error, please visit: http://seleniumhq.org/exceptions/no_such_element.html
Build info: version: '3.13.0', revision: '2f0d292', time: '2018-06-25T15:32:14.902Z'
System info: host: 'DESKTOP-3LAS9CR', ip: '192.168.1.158', os.name: 'Windows 10', os.arch: 'amd64', os.version: '10.0', java.version: '10.0.2'
Driver info: org.openqa.selenium.chrome.ChromeDriver
Capabilities {acceptInsecureCerts: false, browserName: chrome, browserVersion: 76.0.3809.100, chrome: {chromedriverVersion: 75.0.3770.8 (681f24ea911fe7..., userDataDir: C:\Users\tanvi\AppData\Loca...}, goog:chromeOptions: {debuggerAddress: localhost:59072}, javascriptEnabled: true, networkConnectionEnabled: false, pageLoadStrategy: normal, platform: XP, platformName: XP, proxy: Proxy(), setWindowRect: true, strictFileInteractability: false, timeouts: {implicit: 0, pageLoad: 300000, script: 30000}, unhandledPromptBehavior: dismiss and notify}
Session ID: efeb88b3865b8311bb3d7c21248bfe75
*** Element info: {Using=id, value=345}
at org.openqa.selenium.remote.http.W3CHttpResponseCodec.createException(W3CHttpResponseCodec.java:187)
at org.openqa.selenium.remote.http.W3CHttpResponseCodec.decode(W3CHttpResponseCodec.java:122)
at org.openqa.selenium.remote.http.W3CHttpResponseCodec.decode(W3CHttpResponseCodec.java:49)
at org.openqa.selenium.remote.HttpCommandExecutor.execute(HttpCommandExecutor.java:158)
at org.openqa.selenium.remote.service.DriverCommandExecutor.execute(DriverCommandExecutor.java:83)
at org.openqa.selenium.remote.RemoteWebDriver.execute(RemoteWebDriver.java:548)
at org.openqa.selenium.remote.RemoteWebDriver.findElement(RemoteWebDriver.java:322)
at org.openqa.selenium.remote.RemoteWebDriver.findElementById(RemoteWebDriver.java:368)
at org.openqa.selenium.By$ById.findElement(By.java:188)
at org.openqa.selenium.remote.RemoteWebDriver.findElement(RemoteWebDriver.java:314)
at failTestPack.Testclass.SignIn(Testclass.java:36)
... Removed 29 stack frames]]>
    </failure>
  </testcase> <!-- SignIn -->
</testsuite> <!-- Test -->
